e:\bitreverse\bitreverse\x64\release\vcpkg.applocal.log
e:\bitreverse\bitreverse\x64\release\vc140.pdb
e:\bitreverse\bitreverse\x64\release\secp256k1.obj
e:\bitreverse\bitreverse\x64\release\rng.obj
e:\bitreverse\x64\release\bitreverse.exe
e:\bitreverse\x64\release\bitreverse.ipdb
e:\bitreverse\x64\release\bitreverse.iobj
e:\bitreverse\x64\release\bitreverse.pdb
e:\bitreverse\bitreverse\x64\release\program.cu.cache
e:\bitreverse\bitreverse\x64\release\program.cu.obj
e:\bitreverse\bitreverse\x64\release\program.compute_30.cpp1.ii.res
e:\bitreverse\bitreverse\x64\release\program.compute_35.cpp1.ii.res
e:\bitreverse\bitreverse\x64\release\program.compute_52.cpp1.ii.res
e:\bitreverse\bitreverse\x64\release\program.compute_61.cpp1.ii.res
e:\bitreverse\bitreverse\x64\release\program.cpp4.ii.res
e:\bitreverse\bitreverse\x64\release\program.cu.obj.res
e:\bitreverse\bitreverse\x64\release\bitreverse.tlog\bitreverse.write.1u.tlog
e:\bitreverse\bitreverse\x64\release\bitreverse.tlog\cl.command.1.tlog
e:\bitreverse\bitreverse\x64\release\bitreverse.tlog\cl.read.1.tlog
e:\bitreverse\bitreverse\x64\release\bitreverse.tlog\cl.write.1.tlog
e:\bitreverse\bitreverse\x64\release\bitreverse.tlog\link.command.1.tlog
e:\bitreverse\bitreverse\x64\release\bitreverse.tlog\link.read.1.tlog
e:\bitreverse\bitreverse\x64\release\bitreverse.tlog\link.write.1.tlog
